0 info it worked if it ends with ok
1 verbose cli [ '/usr/bin/nodejs',
1 verbose cli   '/usr/bin/npm',
1 verbose cli   'install',
1 verbose cli   '--save',
1 verbose cli   'git+https://github.com/artlimes/minimal-react-text.git' ]
2 info using npm@3.10.10
3 info using node@v6.11.1
4 silly loadCurrentTree Starting
5 silly install loadCurrentTree
6 silly install readLocalPackageData
7 silly fetchPackageMetaData git+https://github.com/artlimes/minimal-react-text.git
8 silly fetchOtherPackageData git+https://github.com/artlimes/minimal-react-text.git
9 silly cache add args [ 'git+https://github.com/artlimes/minimal-react-text.git',
9 silly cache add   null ]
10 verbose cache add spec git+https://github.com/artlimes/minimal-react-text.git
11 silly cache add parsed spec Result {
11 silly cache add   raw: 'git+https://github.com/artlimes/minimal-react-text.git',
11 silly cache add   scope: null,
11 silly cache add   escapedName: null,
11 silly cache add   name: null,
11 silly cache add   rawSpec: 'git+https://github.com/artlimes/minimal-react-text.git',
11 silly cache add   spec: 'git+https://github.com/artlimes/minimal-react-text.git',
11 silly cache add   type: 'hosted',
11 silly cache add   hosted:
11 silly cache add    { type: 'github',
11 silly cache add      ssh: 'git@github.com:artlimes/minimal-react-text.git',
11 silly cache add      sshUrl: 'git+ssh://git@github.com/artlimes/minimal-react-text.git',
11 silly cache add      httpsUrl: 'git+https://github.com/artlimes/minimal-react-text.git',
11 silly cache add      gitUrl: 'git://github.com/artlimes/minimal-react-text.git',
11 silly cache add      shortcut: 'github:artlimes/minimal-react-text',
11 silly cache add      directUrl: 'https://raw.githubusercontent.com/artlimes/minimal-react-text/master/package.json' } }
12 verbose addRemoteGit caching git+https://github.com/artlimes/minimal-react-text.git
13 verbose addRemoteGit git+https://github.com/artlimes/minimal-react-text.git is a repository hosted by github
14 silly tryClone cloning git+https://github.com/artlimes/minimal-react-text.git via git+https://github.com/artlimes/minimal-react-text.git
15 verbose tryClone git-https-github-com-artlimes-minimal-react-text-git-d50fc8e7 not in flight; caching
16 verbose correctMkdir /home/ydrargyros/.npm/_git-remotes correctMkdir not in flight; initializing
17 info git [ 'clone',
17 info git   '--template=/home/ydrargyros/.npm/_git-remotes/_templates',
17 info git   '--mirror',
17 info git   'https://github.com/artlimes/minimal-react-text.git',
17 info git   '/home/ydrargyros/.npm/_git-remotes/git-https-github-com-artlimes-minimal-react-text-git-d50fc8e7' ]
18 verbose mirrorRemote git+https://github.com/artlimes/minimal-react-text.git git clone https://github.com/artlimes/minimal-react-text.git
19 verbose correctMkdir /home/ydrargyros/.npm/_git-remotes correctMkdir not in flight; initializing
20 verbose setPermissions git+https://github.com/artlimes/minimal-react-text.git set permissions on /home/ydrargyros/.npm/_git-remotes/git-https-github-com-artlimes-minimal-react-text-git-d50fc8e7
21 verbose resolveHead git+https://github.com/artlimes/minimal-react-text.git original treeish: master
22 info git [ 'rev-list', '-n1', 'master' ]
23 silly resolveHead git+https://github.com/artlimes/minimal-react-text.git resolved treeish: 2d2c4b05b0e3e237f916251baa0bab67a8242433
24 verbose resolveHead git+https://github.com/artlimes/minimal-react-text.git resolved Git URL: git+https://github.com/artlimes/minimal-react-text.git#2d2c4b05b0e3e237f916251baa0bab67a8242433
25 silly resolveHead Git working directory: /tmp/npm-8325-93d8908b/git-cache-467053cb/2d2c4b05b0e3e237f916251baa0bab67a8242433
26 info git [ 'clone',
26 info git   '/home/ydrargyros/.npm/_git-remotes/git-https-github-com-artlimes-minimal-react-text-git-d50fc8e7',
26 info git   '/tmp/npm-8325-93d8908b/git-cache-467053cb/2d2c4b05b0e3e237f916251baa0bab67a8242433' ]
27 verbose cloneResolved git+https://github.com/artlimes/minimal-react-text.git clone Cloning into '/tmp/npm-8325-93d8908b/git-cache-467053cb/2d2c4b05b0e3e237f916251baa0bab67a8242433'...
27 verbose cloneResolved done.
28 info git [ 'checkout', '2d2c4b05b0e3e237f916251baa0bab67a8242433' ]
29 verbose checkoutTreeish git+https://github.com/artlimes/minimal-react-text.git checkout Note: checking out '2d2c4b05b0e3e237f916251baa0bab67a8242433'.
29 verbose checkoutTreeish
29 verbose checkoutTreeish You are in 'detached HEAD' state. You can look around, make experimental
29 verbose checkoutTreeish changes and commit them, and you can discard any commits you make in this
29 verbose checkoutTreeish state without impacting any branches by performing another checkout.
29 verbose checkoutTreeish
29 verbose checkoutTreeish If you want to create a new branch to retain commits you create, you may
29 verbose checkoutTreeish do so (now or later) by using -b with the checkout command again. Example:
29 verbose checkoutTreeish
29 verbose checkoutTreeish   git checkout -b <new-branch-name>
29 verbose checkoutTreeish
29 verbose checkoutTreeish HEAD is now at 2d2c4b0... Merge pull request #1 from artlimes/placeholder-color
30 info git [ 'submodule', '-q', 'update', '--init', '--recursive' ]
31 verbose updateSubmodules git+https://github.com/artlimes/minimal-react-text.git submodule update
32 verbose addLocalDirectory /home/ydrargyros/.npm/minimal-react-text/1.0.0-rc.4/package.tgz not in flight; packing
33 verbose correctMkdir /home/ydrargyros/.npm correctMkdir not in flight; initializing
34 verbose tar pack [ '/home/ydrargyros/.npm/minimal-react-text/1.0.0-rc.4/package.tgz',
34 verbose tar pack   '/tmp/npm-8325-93d8908b/git-cache-467053cb/2d2c4b05b0e3e237f916251baa0bab67a8242433' ]
35 verbose tarball /home/ydrargyros/.npm/minimal-react-text/1.0.0-rc.4/package.tgz
36 verbose folder /tmp/npm-8325-93d8908b/git-cache-467053cb/2d2c4b05b0e3e237f916251baa0bab67a8242433
37 verbose addLocalTarball adding from inside cache /home/ydrargyros/.npm/minimal-react-text/1.0.0-rc.4/package.tgz
38 verbose correctMkdir /home/ydrargyros/.npm correctMkdir not in flight; initializing
39 verbose addRemoteGit data._from: git+https://github.com/artlimes/minimal-react-text.git
40 verbose addRemoteGit data._resolved: git+https://github.com/artlimes/minimal-react-text.git#2d2c4b05b0e3e237f916251baa0bab67a8242433
41 silly cache afterAdd minimal-react-text@1.0.0-rc.4
42 verbose afterAdd /home/ydrargyros/.npm/minimal-react-text/1.0.0-rc.4/package/package.json not in flight; writing
43 verbose correctMkdir /home/ydrargyros/.npm correctMkdir not in flight; initializing
44 verbose afterAdd /home/ydrargyros/.npm/minimal-react-text/1.0.0-rc.4/package/package.json written
45 silly install normalizeTree
46 silly loadCurrentTree Finishing
47 silly loadIdealTree Starting
48 silly install loadIdealTree
49 silly cloneCurrentTree Starting
50 silly install cloneCurrentTreeToIdealTree
51 silly cloneCurrentTree Finishing
52 silly loadShrinkwrap Starting
53 silly install loadShrinkwrap
54 silly loadShrinkwrap Finishing
55 silly loadAllDepsIntoIdealTree Starting
56 silly install loadAllDepsIntoIdealTree
57 silly rollbackFailedOptional Starting
58 silly rollbackFailedOptional Finishing
59 silly runTopLevelLifecycles Finishing
60 silly install printInstalled
61 verbose stack Error: Refusing to install minimal-react-text as a dependency of itself
61 verbose stack     at checkSelf (/usr/lib/node_modules/npm/lib/install/validate-args.js:53:14)
61 verbose stack     at Array.<anonymous> (/usr/lib/node_modules/npm/node_modules/slide/lib/bind-actor.js:15:8)
61 verbose stack     at LOOP (/usr/lib/node_modules/npm/node_modules/slide/lib/chain.js:15:14)
61 verbose stack     at chain (/usr/lib/node_modules/npm/node_modules/slide/lib/chain.js:20:5)
61 verbose stack     at /usr/lib/node_modules/npm/lib/install/validate-args.js:16:5
61 verbose stack     at /usr/lib/node_modules/npm/node_modules/slide/lib/async-map.js:52:35
61 verbose stack     at Array.forEach (native)
61 verbose stack     at /usr/lib/node_modules/npm/node_modules/slide/lib/async-map.js:52:11
61 verbose stack     at Array.forEach (native)
61 verbose stack     at asyncMap (/usr/lib/node_modules/npm/node_modules/slide/lib/async-map.js:51:8)
62 verbose cwd /home/ydrargyros/Desktop/Artlimes/artlimes-textarea/minimal-react-textarea
63 error Linux 4.10.0-27-generic
64 error argv "/usr/bin/nodejs" "/usr/bin/npm" "install" "--save" "git+https://github.com/artlimes/minimal-react-text.git"
65 error node v6.11.1
66 error npm  v3.10.10
67 error code ENOSELF
68 error Refusing to install minimal-react-text as a dependency of itself
69 error If you need help, you may report this error at:
69 error     <https://github.com/npm/npm/issues>
70 verbose exit [ 1, true ]
